Starting Flask development server on http://127.0.0.1:5001
 * Serving Flask app 'app'
 * Debug mode: on
[31m[1mWARNING: This is a development server. Do not use it in a production deployment. Use a production WSGI server instead.[0m
 * Running on all addresses (0.0.0.0)
 * Running on http://127.0.0.1:5001
 * Running on http://10.70.83.183:5001
[33mPress CTRL+C to quit[0m
 * Restarting with stat
 
 -------------- celery@i-Robot.local v5.5.3 (immunity)
--- ***** ----- 
-- ******* ---- macOS-15.6.1-arm64-arm-64bit-Mach-O 2025-10-23 21:36:52
- *** --- * --- 
- ** ---------- [config]
- ** ---------- .> app:         app:0x107f8e120
- ** ---------- .> transport:   redis://localhost:6379/0
- ** ---------- .> results:     redis://localhost:6379/0
- *** --- * --- .> concurrency: 8 (prefork)
-- ******* ---- .> task events: OFF (enable -E to monitor tasks in this worker)
--- ***** ----- 
 -------------- [queues]
                .> celery           exchange=celery(direct) key=celery
                

[tasks]
  . app.process_library_task

[2025-10-23 21:36:52,611: WARNING/MainProcess] /Users/stuartmclean/Library/CloudStorage/OneDrive-Personal/Masterschool/Ai Track/Ai_Project_One/Tag Genius/venv/lib/python3.13/site-packages/celery/app/utils.py:203: CDeprecationWarning: 
    The 'CELERY_RESULT_BACKEND' setting is deprecated and scheduled for removal in
    version 6.0.0. Use the result_backend instead

  deprecated.warn(description=f'The {setting!r} setting',

[2025-10-23 21:36:52,611: WARNING/MainProcess] Please run `celery upgrade settings path/to/settings.py` to avoid these warnings and to allow a smoother upgrade to Celery 6.0.
 * Debugger is active!
 * Debugger PIN: 518-709-605
[2025-10-23 21:36:52,871: INFO/MainProcess] Connected to redis://localhost:6379/0
[2025-10-23 21:36:52,874: INFO/MainProcess] mingle: searching for neighbors
[2025-10-23 21:36:53,888: INFO/MainProcess] mingle: all alone
[2025-10-23 21:36:53,919: INFO/MainProcess] celery@i-Robot.local ready.
 * Detected change in '/Users/stuartmclean/Library/CloudStorage/OneDrive-Personal/Masterschool/Ai Track/Ai_Project_One/Tag Genius/app.py', reloading
Starting Flask development server on http://127.0.0.1:5001
 * Restarting with stat
 * Debugger is active!
 * Debugger PIN: 518-709-605
127.0.0.1 - - [23/Oct/2025 21:44:49] "OPTIONS /log_action HTTP/1.1" 200 -
127.0.0.1 - - [23/Oct/2025 21:44:49] "[35m[1mPOST /log_action HTTP/1.1[0m" 201 -
127.0.0.1 - - [23/Oct/2025 21:44:54] "[35m[1mPOST /log_action HTTP/1.1[0m" 201 -
127.0.0.1 - - [23/Oct/2025 21:44:54] "POST /analyze_library HTTP/1.1" 200 -
Starting Flask development server on http://127.0.0.1:5001
Analyzed tag_genius_splitter_test_2.xml: Found 47 untagged tracks.
Split job started for tag_genius_splitter_test_2.xml. Job folder: outputs/20251023-214454_tag_genius_splitter_test_2_split
--- DEFINITIVE V3 SPLITTER IS RUNNING ---
Starting split process for file: outputs/20251023-214454_tag_genius_splitter_test_2_split/original_library.xml into folder: outputs/20251023-214454_tag_genius_splitter_test_2_split
Starting Stage 1: Determining primary genre for each track...
No valid genre found locally for 'Heartless Bastards - Came a Long Way'. Asking AI (genre_only mode)...
Successfully tagged (mode: genre_only): Heartless Bastards - Came a Long Way
No valid genre found locally for '[ K S R ],Konny Kon - Part of the Plan'. Asking AI (genre_only mode)...
Successfully tagged (mode: genre_only): [ K S R ],Konny Kon - Part of the Plan
No valid genre found locally for '¬•$,Kanye West,Ty Dolla $ign - Fried'. Asking AI (genre_only mode)...
Successfully tagged (mode: genre_only): ¬•$,Kanye West,Ty Dolla $ign - Fried
No valid genre found locally for '50 Cent - Back Down'. Asking AI (genre_only mode)...
Successfully tagged (mode: genre_only): 50 Cent - Back Down
Processed 50/242 tracks for initial genre sorting...
No valid genre found locally for '50 Cent,Eminem - GATman And Robbin'. Asking AI (genre_only mode)...
Successfully tagged (mode: genre_only): 50 Cent,Eminem - GATman And Robbin
No valid genre found locally for '50 Cent,Sonny Digital - I'm The Man'. Asking AI (genre_only mode)...
AI call failed for 50 Cent,Sonny Digital - I'm The Man (mode: genre_only, error: HTTPError). Retrying in 2 seconds...
AI call failed for 50 Cent,Sonny Digital - I'm The Man (mode: genre_only, error: HTTPError). Retrying in 4 seconds...
Successfully tagged (mode: genre_only): 50 Cent,Sonny Digital - I'm The Man
Processed 100/242 tracks for initial genre sorting...
No valid genre found locally for 'Aaron May - I'm Good Luv, Enjoy'. Asking AI (genre_only mode)...
AI call failed for Aaron May - I'm Good Luv, Enjoy (mode: genre_only, error: HTTPError). Retrying in 2 seconds...
AI call failed for Aaron May - I'm Good Luv, Enjoy (mode: genre_only, error: HTTPError). Retrying in 4 seconds...
AI call failed for Aaron May - I'm Good Luv, Enjoy (mode: genre_only, error: HTTPError). Retrying in 8 seconds...
Successfully tagged (mode: genre_only): Aaron May - I'm Good Luv, Enjoy
No valid genre found locally for 'Ace Hood - Popovitch'. Asking AI (genre_only mode)...
AI call failed for Ace Hood - Popovitch (mode: genre_only, error: HTTPError). Retrying in 2 seconds...
AI call failed for Ace Hood - Popovitch (mode: genre_only, error: HTTPError). Retrying in 4 seconds...
Successfully tagged (mode: genre_only): Ace Hood - Popovitch
No valid genre found locally for 'Air - Modular Mix'. Asking AI (genre_only mode)...
Successfully tagged (mode: genre_only): Air - Modular Mix
No valid genre found locally for 'Alabama Shakes - Hang Loose'. Asking AI (genre_only mode)...
AI call failed for Alabama Shakes - Hang Loose (mode: genre_only, error: HTTPError). Retrying in 2 seconds...
AI call failed for Alabama Shakes - Hang Loose (mode: genre_only, error: HTTPError). Retrying in 4 seconds...
AI call failed for Alabama Shakes - Hang Loose (mode: genre_only, error: HTTPError). Retrying in 8 seconds...
AI call failed for Alabama Shakes - Hang Loose (mode: genre_only, error: HTTPError). Retrying in 16 seconds...
Successfully tagged (mode: genre_only): Alabama Shakes - Hang Loose
No valid genre found locally for 'Alabama Shakes - This Feeling'. Asking AI (genre_only mode)...
Successfully tagged (mode: genre_only): Alabama Shakes - This Feeling
No valid genre found locally for 'Alan Braxe,Fred Falke - Intro'. Asking AI (genre_only mode)...
AI call failed for Alan Braxe,Fred Falke - Intro (mode: genre_only, error: HTTPError). Retrying in 2 seconds...
AI call failed for Alan Braxe,Fred Falke - Intro (mode: genre_only, error: HTTPError). Retrying in 4 seconds...
AI call failed for Alan Braxe,Fred Falke - Intro (mode: genre_only, error: HTTPError). Retrying in 8 seconds...
Successfully tagged (mode: genre_only): Alan Braxe,Fred Falke - Intro
No valid genre found locally for 'Alanis Morissette - Hand in My Pocket - 2015 Remaster'. Asking AI (genre_only mode)...
AI call failed for Alanis Morissette - Hand in My Pocket - 2015 Remaster (mode: genre_only, error: HTTPError). Retrying in 2 seconds...
Successfully tagged (mode: genre_only): Alanis Morissette - Hand in My Pocket - 2015 Remaster
No valid genre found locally for 'Alanis Morissette - Thank U'. Asking AI (genre_only mode)...
Successfully tagged (mode: genre_only): Alanis Morissette - Thank U
No valid genre found locally for 'Albert King - Driving Wheel'. Asking AI (genre_only mode)...
AI call failed for Albert King - Driving Wheel (mode: genre_only, error: HTTPError). Retrying in 2 seconds...
AI call failed for Albert King - Driving Wheel (mode: genre_only, error: HTTPError). Retrying in 4 seconds...
AI call failed for Albert King - Driving Wheel (mode: genre_only, error: HTTPError). Retrying in 8 seconds...
AI call failed for Albert King - Driving Wheel (mode: genre_only, error: HTTPError). Retrying in 16 seconds...
Successfully tagged (mode: genre_only): Albert King - Driving Wheel
No valid genre found locally for 'Anderson .Paak,Jazmine Sullivan - Good Heels (feat. Jazmine Sullivan)'. Asking AI (genre_only mode)...
AI call failed for Anderson .Paak,Jazmine Sullivan - Good Heels (feat. Jazmine Sullivan) (mode: genre_only, error: HTTPError). Retrying in 2 seconds...
Successfully tagged (mode: genre_only): Anderson .Paak,Jazmine Sullivan - Good Heels (feat. Jazmine Sullivan)
No valid genre found locally for 'Anderson .Paak,Talib Kweli,Timan Choir - The Dreamer'. Asking AI (genre_only mode)...
Successfully tagged (mode: genre_only): Anderson .Paak,Talib Kweli,Timan Choir - The Dreamer
No valid genre found locally for 'Angel Canales - El Cantante Y La Orquestra'. Asking AI (genre_only mode)...
AI call failed for Angel Canales - El Cantante Y La Orquestra (mode: genre_only, error: HTTPError). Retrying in 2 seconds...
AI call failed for Angel Canales - El Cantante Y La Orquestra (mode: genre_only, error: HTTPError). Retrying in 4 seconds...
AI call failed for Angel Canales - El Cantante Y La Orquestra (mode: genre_only, error: HTTPError). Retrying in 8 seconds...
AI call failed for Angel Canales - El Cantante Y La Orquestra (mode: genre_only, error: HTTPError). Retrying in 16 seconds...
Successfully tagged (mode: genre_only): Angel Canales - El Cantante Y La Orquestra
Processed 150/242 tracks for initial genre sorting...
No valid genre found locally for 'Annie - Anniemal'. Asking AI (genre_only mode)...
AI call failed for Annie - Anniemal (mode: genre_only, error: HTTPError). Retrying in 2 seconds...
Successfully tagged (mode: genre_only): Annie - Anniemal
No valid genre found locally for 'Arlo Parks - Creep'. Asking AI (genre_only mode)...
AI call failed for Arlo Parks - Creep (mode: genre_only, error: HTTPError). Retrying in 2 seconds...
AI call failed for Arlo Parks - Creep (mode: genre_only, error: HTTPError). Retrying in 4 seconds...
AI call failed for Arlo Parks - Creep (mode: genre_only, error: HTTPError). Retrying in 8 seconds...
Successfully tagged (mode: genre_only): Arlo Parks - Creep
No valid genre found locally for 'Arrested Development - People Everyday - Metamorphosis Mix'. Asking AI (genre_only mode)...
Successfully tagged (mode: genre_only): Arrested Development - People Everyday - Metamorphosis Mix
No valid genre found locally for 'Ashnikko - Daisy'. Asking AI (genre_only mode)...
AI call failed for Ashnikko - Daisy (mode: genre_only, error: HTTPError). Retrying in 2 seconds...
AI call failed for Ashnikko - Daisy (mode: genre_only, error: HTTPError). Retrying in 4 seconds...
AI call failed for Ashnikko - Daisy (mode: genre_only, error: HTTPError). Retrying in 8 seconds...
Successfully tagged (mode: genre_only): Ashnikko - Daisy
No valid genre found locally for 'Baby Keem,Kendrick Lamar - The Hillbillies'. Asking AI (genre_only mode)...
Successfully tagged (mode: genre_only): Baby Keem,Kendrick Lamar - The Hillbillies
No valid genre found locally for 'Bad Meets Evil - Welcome 2 Hell'. Asking AI (genre_only mode)...
AI call failed for Bad Meets Evil - Welcome 2 Hell (mode: genre_only, error: HTTPError). Retrying in 2 seconds...
AI call failed for Bad Meets Evil - Welcome 2 Hell (mode: genre_only, error: HTTPError). Retrying in 4 seconds...
AI call failed for Bad Meets Evil - Welcome 2 Hell (mode: genre_only, error: HTTPError). Retrying in 8 seconds...
AI call failed for Bad Meets Evil - Welcome 2 Hell (mode: genre_only, error: HTTPError). Retrying in 16 seconds...
Successfully tagged (mode: genre_only): Bad Meets Evil - Welcome 2 Hell
No valid genre found locally for 'Balkan Taksim - Zalina'. Asking AI (genre_only mode)...
Successfully tagged (mode: genre_only): Balkan Taksim - Zalina
No valid genre found locally for 'Balla Tounkara - Le monde est fou'. Asking AI (genre_only mode)...
AI call failed for Balla Tounkara - Le monde est fou (mode: genre_only, error: HTTPError). Retrying in 2 seconds...
AI call failed for Balla Tounkara - Le monde est fou (mode: genre_only, error: HTTPError). Retrying in 4 seconds...
AI call failed for Balla Tounkara - Le monde est fou (mode: genre_only, error: HTTPError). Retrying in 8 seconds...
Successfully tagged (mode: genre_only): Balla Tounkara - Le monde est fou
No valid genre found locally for 'Barney Bones,Buddy,Samant - Birds'. Asking AI (genre_only mode)...
AI call failed for Barney Bones,Buddy,Samant - Birds (mode: genre_only, error: HTTPError). Retrying in 2 seconds...
AI call failed for Barney Bones,Buddy,Samant - Birds (mode: genre_only, error: HTTPError). Retrying in 4 seconds...
Successfully tagged (mode: genre_only): Barney Bones,Buddy,Samant - Birds
Processed 200/242 tracks for initial genre sorting...
No valid genre found locally for 'Belly - Immigration To The Trap'. Asking AI (genre_only mode)...
AI call failed for Belly - Immigration To The Trap (mode: genre_only, error: HTTPError). Retrying in 2 seconds...
AI call failed for Belly - Immigration To The Trap (mode: genre_only, error: HTTPError). Retrying in 4 seconds...
AI call failed for Belly - Immigration To The Trap (mode: genre_only, error: HTTPError). Retrying in 8 seconds...
Successfully tagged (mode: genre_only): Belly - Immigration To The Trap
No valid genre found locally for 'Belly - Wu Tang'. Asking AI (genre_only mode)...
AI call failed for Belly - Wu Tang (mode: genre_only, error: HTTPError). Retrying in 2 seconds...
AI call failed for Belly - Wu Tang (mode: genre_only, error: HTTPError). Retrying in 4 seconds...
Successfully tagged (mode: genre_only): Belly - Wu Tang
No valid genre found locally for 'Beyonc√© - Be With You'. Asking AI (genre_only mode)...
AI call failed for Beyonc√© - Be With You (mode: genre_only, error: HTTPError). Retrying in 2 seconds...
AI call failed for Beyonc√© - Be With You (mode: genre_only, error: HTTPError). Retrying in 4 seconds...
AI call failed for Beyonc√© - Be With You (mode: genre_only, error: HTTPError). Retrying in 8 seconds...
Successfully tagged (mode: genre_only): Beyonc√© - Be With You
No valid genre found locally for 'Beyonc√© - Freakum Dress'. Asking AI (genre_only mode)...
AI call failed for Beyonc√© - Freakum Dress (mode: genre_only, error: HTTPError). Retrying in 2 seconds...
AI call failed for Beyonc√© - Freakum Dress (mode: genre_only, error: HTTPError). Retrying in 4 seconds...
Successfully tagged (mode: genre_only): Beyonc√© - Freakum Dress
No valid genre found locally for 'Beyonc√© - Green Light'. Asking AI (genre_only mode)...
AI call failed for Beyonc√© - Green Light (mode: genre_only, error: HTTPError). Retrying in 2 seconds...
AI call failed for Beyonc√© - Green Light (mode: genre_only, error: HTTPError). Retrying in 4 seconds...
AI call failed for Beyonc√© - Green Light (mode: genre_only, error: HTTPError). Retrying in 8 seconds...
Successfully tagged (mode: genre_only): Beyonc√© - Green Light
No valid genre found locally for 'Beyonc√© - Halo'. Asking AI (genre_only mode)...
AI call failed for Beyonc√© - Halo (mode: genre_only, error: HTTPError). Retrying in 2 seconds...
AI call failed for Beyonc√© - Halo (mode: genre_only, error: HTTPError). Retrying in 4 seconds...
Successfully tagged (mode: genre_only): Beyonc√© - Halo
No valid genre found locally for 'Beyonc√© - Naughty Girl'. Asking AI (genre_only mode)...
AI call failed for Beyonc√© - Naughty Girl (mode: genre_only, error: HTTPError). Retrying in 2 seconds...
AI call failed for Beyonc√© - Naughty Girl (mode: genre_only, error: HTTPError). Retrying in 4 seconds...
Successfully tagged (mode: genre_only): Beyonc√© - Naughty Girl
No valid genre found locally for 'Beyonc√© - Run the World (Girls)'. Asking AI (genre_only mode)...
AI call failed for Beyonc√© - Run the World (Girls) (mode: genre_only, error: HTTPError). Retrying in 2 seconds...
AI call failed for Beyonc√© - Run the World (Girls) (mode: genre_only, error: HTTPError). Retrying in 4 seconds...
AI call failed for Beyonc√© - Run the World (Girls) (mode: genre_only, error: HTTPError). Retrying in 8 seconds...
Successfully tagged (mode: genre_only): Beyonc√© - Run the World (Girls)
No valid genre found locally for 'Beyonc√© - Speechless'. Asking AI (genre_only mode)...
Successfully tagged (mode: genre_only): Beyonc√© - Speechless
No valid genre found locally for 'Beyonc√© - Work It Out'. Asking AI (genre_only mode)...
AI call failed for Beyonc√© - Work It Out (mode: genre_only, error: HTTPError). Retrying in 2 seconds...
AI call failed for Beyonc√© - Work It Out (mode: genre_only, error: HTTPError). Retrying in 4 seconds...
AI call failed for Beyonc√© - Work It Out (mode: genre_only, error: HTTPError). Retrying in 8 seconds...
Successfully tagged (mode: genre_only): Beyonc√© - Work It Out
No valid genre found locally for 'Beyonc√©,Frank Ocean - Superpower (feat. Frank Ocean)'. Asking AI (genre_only mode)...
Successfully tagged (mode: genre_only): Beyonc√©,Frank Ocean - Superpower (feat. Frank Ocean)
No valid genre found locally for 'Beyonc√©,JAY-Z - Crazy In Love (feat. JAY-Z)'. Asking AI (genre_only mode)...
AI call failed for Beyonc√©,JAY-Z - Crazy In Love (feat. JAY-Z) (mode: genre_only, error: HTTPError). Retrying in 2 seconds...
AI call failed for Beyonc√©,JAY-Z - Crazy In Love (feat. JAY-Z) (mode: genre_only, error: HTTPError). Retrying in 4 seconds...
AI call failed for Beyonc√©,JAY-Z - Crazy In Love (feat. JAY-Z) (mode: genre_only, error: HTTPError). Retrying in 8 seconds...
AI call failed for Beyonc√©,JAY-Z - Crazy In Love (feat. JAY-Z) (mode: genre_only, error: HTTPError). Retrying in 16 seconds...
Successfully tagged (mode: genre_only): Beyonc√©,JAY-Z - Crazy In Love (feat. JAY-Z)
No valid genre found locally for 'Beyonc√©,JAY-Z - Deja Vu (feat. JAY-Z)'. Asking AI (genre_only mode)...
Successfully tagged (mode: genre_only): Beyonc√©,JAY-Z - Deja Vu (feat. JAY-Z)
No valid genre found locally for 'Billie Eilish - Everything I Wanted'. Asking AI (genre_only mode)...
AI call failed for Billie Eilish - Everything I Wanted (mode: genre_only, error: HTTPError). Retrying in 2 seconds...
AI call failed for Billie Eilish - Everything I Wanted (mode: genre_only, error: HTTPError). Retrying in 4 seconds...
AI call failed for Billie Eilish - Everything I Wanted (mode: genre_only, error: HTTPError). Retrying in 8 seconds...
Successfully tagged (mode: genre_only): Billie Eilish - Everything I Wanted
No valid genre found locally for 'Beyonc√© - Freakum Dress'. Asking AI (genre_only mode)...
AI call failed for Beyonc√© - Freakum Dress (mode: genre_only, error: HTTPError). Retrying in 2 seconds...
AI call failed for Beyonc√© - Freakum Dress (mode: genre_only, error: HTTPError). Retrying in 4 seconds...
Successfully tagged (mode: genre_only): Beyonc√© - Freakum Dress
No valid genre found locally for 'Belocca,Mauro Somm - Bring The Noise'. Asking AI (genre_only mode)...
Successfully tagged (mode: genre_only): Belocca,Mauro Somm - Bring The Noise
No valid genre found locally for 'APHE - Rescue'. Asking AI (genre_only mode)...
AI call failed for APHE - Rescue (mode: genre_only, error: HTTPError). Retrying in 2 seconds...
AI call failed for APHE - Rescue (mode: genre_only, error: HTTPError). Retrying in 4 seconds...127.0.0.1 - - [23/Oct/2025 21:53:57] "POST /split_library HTTP/1.1" 200 -
127.0.0.1 - - [23/Oct/2025 21:53:57] "OPTIONS /log_action HTTP/1.1" 200 -
127.0.0.1 - - [23/Oct/2025 21:53:57] "[35m[1mPOST /log_action HTTP/1.1[0m" 201 -
[2025-10-23 22:04:36,456: WARNING/MainProcess] consumer: Connection to broker lost. Trying to re-establish the connection...
Traceback (most recent call last):
  File "/Users/stuartmclean/Library/CloudStorage/OneDrive-Personal/Masterschool/Ai Track/Ai_Project_One/Tag Genius/venv/lib/python3.13/site-packages/redis/retry.py", line 105, in call_with_retry
    return do()
  File "/Users/stuartmclean/Library/CloudStorage/OneDrive-Personal/Masterschool/Ai Track/Ai_Project_One/Tag Genius/venv/lib/python3.13/site-packages/redis/client.py", line 915, in <lambda>
    lambda: command(*args, **kwargs),
            ~~~~~~~^^^^^^^^^^^^^^^^^
  File "/Users/stuartmclean/Library/CloudStorage/OneDrive-Personal/Masterschool/Ai Track/Ai_Project_One/Tag Genius/venv/lib/python3.13/site-packages/redis/client.py", line 936, in try_read
    return conn.read_response(disconnect_on_error=False, push_request=True)
           ~~~~~~~~~~~~~~~~~~^^^^^^^^^^^^^^^^^^^^^^^^^^^^^^^^^^^^^^^^^^^^^^
  File "/Users/stuartmclean/Library/CloudStorage/OneDrive-Personal/Masterschool/Ai Track/Ai_Project_One/Tag Genius/venv/lib/python3.13/site-packages/redis/connection.py", line 650, in read_response
    response = self._parser.read_response(disable_decoding=disable_decoding)
  File "/Users/stuartmclean/Library/CloudStorage/OneDrive-Personal/Masterschool/Ai Track/Ai_Project_One/Tag Genius/venv/lib/python3.13/site-packages/redis/_parsers/resp2.py", line 15, in read_response
    result = self._read_response(disable_decoding=disable_decoding)
  File "/Users/stuartmclean/Library/CloudStorage/OneDrive-Personal/Masterschool/Ai Track/Ai_Project_One/Tag Genius/venv/lib/python3.13/site-packages/redis/_parsers/resp2.py", line 25, in _read_response
    raw = self._buffer.readline()
  File "/Users/stuartmclean/Library/CloudStorage/OneDrive-Personal/Masterschool/Ai Track/Ai_Project_One/Tag Genius/venv/lib/python3.13/site-packages/redis/_parsers/socket.py", line 115, in readline
    self._read_from_socket()
    ~~~~~~~~~~~~~~~~~~~~~~^^
  File "/Users/stuartmclean/Library/CloudStorage/OneDrive-Personal/Masterschool/Ai Track/Ai_Project_One/Tag Genius/venv/lib/python3.13/site-packages/redis/_parsers/socket.py", line 68, in _read_from_socket
    raise ConnectionError(SERVER_CLOSED_CONNECTION_ERROR)
redis.exceptions.ConnectionError: Connection closed by server.

During handling of the above exception, another exception occurred:

Traceback (most recent call last):
  File "/Users/stuartmclean/Library/CloudStorage/OneDrive-Personal/Masterschool/Ai Track/Ai_Project_One/Tag Genius/venv/lib/python3.13/site-packages/redis/connection.py", line 650, in read_response
    response = self._parser.read_response(disable_decoding=disable_decoding)
  File "/Users/stuartmclean/Library/CloudStorage/OneDrive-Personal/Masterschool/Ai Track/Ai_Project_One/Tag Genius/venv/lib/python3.13/site-packages/redis/_parsers/resp2.py", line 15, in read_response
    result = self._read_response(disable_decoding=disable_decoding)
  File "/Users/stuartmclean/Library/CloudStorage/OneDrive-Personal/Masterschool/Ai Track/Ai_Project_One/Tag Genius/venv/lib/python3.13/site-packages/redis/_parsers/resp2.py", line 25, in _read_response
    raw = self._buffer.readline()
  File "/Users/stuartmclean/Library/CloudStorage/OneDrive-Personal/Masterschool/Ai Track/Ai_Project_One/Tag Genius/venv/lib/python3.13/site-packages/redis/_parsers/socket.py", line 115, in readline
    self._read_from_socket()
    ~~~~~~~~~~~~~~~~~~~~~~^^
  File "/Users/stuartmclean/Library/CloudStorage/OneDrive-Personal/Masterschool/Ai Track/Ai_Project_One/Tag Genius/venv/lib/python3.13/site-packages/redis/_parsers/socket.py", line 65, in _read_from_socket
    data = self._sock.recv(socket_read_size)
ConnectionResetError: [Errno 54] Connection reset by peer

During handling of the above exception, another exception occurred:

Traceback (most recent call last):
  File "/Users/stuartmclean/Library/CloudStorage/OneDrive-Personal/Masterschool/Ai Track/Ai_Project_One/Tag Genius/venv/lib/python3.13/site-packages/celery/worker/consumer/consumer.py", line 341, in start
    blueprint.start(self)
    ~~~~~~~~~~~~~~~^^^^^^
  File "/Users/stuartmclean/Library/CloudStorage/OneDrive-Personal/Masterschool/Ai Track/Ai_Project_One/Tag Genius/venv/lib/python3.13/site-packages/celery/bootsteps.py", line 116, in start
    step.start(parent)
    ~~~~~~~~~~^^^^^^^^
  File "/Users/stuartmclean/Library/CloudStorage/OneDrive-Personal/Masterschool/Ai Track/Ai_Project_One/Tag Genius/venv/lib/python3.13/site-packages/celery/worker/consumer/consumer.py", line 772, in start
    c.loop(*c.loop_args())
    ~~~~~~^^^^^^^^^^^^^^^^
  File "/Users/stuartmclean/Library/CloudStorage/OneDrive-Personal/Masterschool/Ai Track/Ai_Project_One/Tag Genius/venv/lib/python3.13/site-packages/celery/worker/loops.py", line 97, in asynloop
    next(loop)
    ~~~~^^^^^^
  File "/Users/stuartmclean/Library/CloudStorage/OneDrive-Personal/Masterschool/Ai Track/Ai_Project_One/Tag Genius/venv/lib/python3.13/site-packages/kombu/asynchronous/hub.py", line 373, in create_loop
    cb(*cbargs)
    ~~^^^^^^^^^
  File "/Users/stuartmclean/Library/CloudStorage/OneDrive-Personal/Masterschool/Ai Track/Ai_Project_One/Tag Genius/venv/lib/python3.13/site-packages/kombu/transport/redis.py", line 1359, in on_readable
    self.cycle.on_readable(fileno)
    ~~~~~~~~~~~~~~~~~~~~~~^^^^^^^^
  File "/Users/stuartmclean/Library/CloudStorage/OneDrive-Personal/Masterschool/Ai Track/Ai_Project_One/Tag Genius/venv/lib/python3.13/site-packages/kombu/transport/redis.py", line 576, in on_readable
    chan.handlers[type]()
    ~~~~~~~~~~~~~~~~~~~^^
  File "/Users/stuartmclean/Library/CloudStorage/OneDrive-Personal/Masterschool/Ai Track/Ai_Project_One/Tag Genius/venv/lib/python3.13/site-packages/kombu/transport/redis.py", line 925, in _receive
    ret.append(self._receive_one(c))
               ~~~~~~~~~~~~~~~~~^^^
  File "/Users/stuartmclean/Library/CloudStorage/OneDrive-Personal/Masterschool/Ai Track/Ai_Project_One/Tag Genius/venv/lib/python3.13/site-packages/kombu/transport/redis.py", line 935, in _receive_one
    response = c.parse_response()
  File "/Users/stuartmclean/Library/CloudStorage/OneDrive-Personal/Masterschool/Ai Track/Ai_Project_One/Tag Genius/venv/lib/python3.13/site-packages/redis/client.py", line 938, in parse_response
    response = self._execute(conn, try_read)
  File "/Users/stuartmclean/Library/CloudStorage/OneDrive-Personal/Masterschool/Ai Track/Ai_Project_One/Tag Genius/venv/lib/python3.13/site-packages/redis/client.py", line 914, in _execute
    return conn.retry.call_with_retry(
           ~~~~~~~~~~~~~~~~~~~~~~~~~~^
        lambda: command(*args, **kwargs),
        ^^^^^^^^^^^^^^^^^^^^^^^^^^^^^^^^^
        lambda _: self._reconnect(conn),
        ^^^^^^^^^^^^^^^^^^^^^^^^^^^^^^^^
    )
    ^
  File "/Users/stuartmclean/Library/CloudStorage/OneDrive-Personal/Masterschool/Ai Track/Ai_Project_One/Tag Genius/venv/lib/python3.13/site-packages/redis/retry.py", line 108, in call_with_retry
    fail(error)
    ~~~~^^^^^^^
  File "/Users/stuartmclean/Library/CloudStorage/OneDrive-Personal/Masterschool/Ai Track/Ai_Project_One/Tag Genius/venv/lib/python3.13/site-packages/redis/client.py", line 916, in <lambda>
    lambda _: self._reconnect(conn),
              ~~~~~~~~~~~~~~~^^^^^^
  File "/Users/stuartmclean/Library/CloudStorage/OneDrive-Personal/Masterschool/Ai Track/Ai_Project_One/Tag Genius/venv/lib/python3.13/site-packages/redis/client.py", line 904, in _reconnect
    conn.connect()
    ~~~~~~~~~~~~^^
  File "/Users/stuartmclean/Library/CloudStorage/OneDrive-Personal/Masterschool/Ai Track/Ai_Project_One/Tag Genius/venv/lib/python3.13/site-packages/redis/connection.py", line 380, in connect
    self.connect_check_health(check_health=True)
    ~~~~~~~~~~~~~~~~~~~~~~~~~^^^^^^^^^^^^^^^^^^^
  File "/Users/stuartmclean/Library/CloudStorage/OneDrive-Personal/Masterschool/Ai Track/Ai_Project_One/Tag Genius/venv/lib/python3.13/site-packages/redis/connection.py", line 403, in connect_check_health
    self.on_connect_check_health(check_health=check_health)
    ~~~~~~~~~~~~~~~~~~~~~~~~~~~~^^^^^^^^^^^^^^^^^^^^^^^^^^^
  File "/Users/stuartmclean/Library/CloudStorage/OneDrive-Personal/Masterschool/Ai Track/Ai_Project_One/Tag Genius/venv/lib/python3.13/site-packages/redis/connection.py", line 523, in on_connect_check_health
    self.read_response()
    ~~~~~~~~~~~~~~~~~~^^
  File "/Users/stuartmclean/Library/CloudStorage/OneDrive-Personal/Masterschool/Ai Track/Ai_Project_One/Tag Genius/venv/lib/python3.13/site-packages/redis/connection.py", line 658, in read_response
    raise ConnectionError(f"Error while reading from {host_error} : {e.args}")
redis.exceptions.ConnectionError: Error while reading from localhost:6379 : (54, 'Connection reset by peer')
[2025-10-23 22:04:36,474: WARNING/MainProcess] /Users/stuartmclean/Library/CloudStorage/OneDrive-Personal/Masterschool/Ai Track/Ai_Project_One/Tag Genius/venv/lib/python3.13/site-packages/celery/worker/consumer/consumer.py:392: CPendingDeprecationWarning: 
In Celery 5.1 we introduced an optional breaking change which
on connection loss cancels all currently executed tasks with late acknowledgement enabled.
These tasks cannot be acknowledged as the connection is gone, and the tasks are automatically redelivered
back to the queue. You can enable this behavior using the worker_cancel_long_running_tasks_on_connection_loss
setting. In Celery 5.1 it is set to False by default. The setting will be set to True by default in Celery 6.0.

  warnings.warn(CANCEL_TASKS_BY_DEFAULT, CPendingDeprecationWarning)

[2025-10-23 22:04:36,479: ERROR/MainProcess] consumer: Cannot connect to redis://localhost:6379/0: Error while reading from localhost:6379 : (54, 'Connection reset by peer').
Trying again in 2.00 seconds... (1/100)

[2025-10-23 22:04:38,507: INFO/MainProcess] Connected to redis://localhost:6379/0
[2025-10-23 22:04:38,515: INFO/MainProcess] mingle: searching for neighbors
[2025-10-23 22:04:39,527: INFO/MainProcess] mingle: all alone
